<?xml version="1.0" encoding="UTF-8"?>
<testsuite xmlns:xsi="http://www.w3.org/2001/XMLSchema-instance" xsi:noNamespaceSchemaLocation="https://maven.apache.org/surefire/maven-surefire-plugin/xsd/surefire-test-report.xsd" name="com.bealdung.adapter.WeatherFeederTestUnitTest" time="0.181" tests="2" errors="0" skipped="0" failures="0">
  <properties>
[...]
</properties>
  <testcase name="testFeedWeather_whenHttpFeedAdded_ThenShouldReturnHttpFeed" classname="com.bealdung.adapter.WeatherFeederTestUnitTest" time="0.106"/>
  <testcase name="testFeedWeather_whenHttpFeedAdded_ThenShouldNotReturnRssFeed" classname="com.bealdung.adapter.WeatherFeederTestUnitTest" time="0"/>
</testsuite>